INFO  22:15:31 onbon.bx06.Bx6GEnv                                      - ONBON BX6:      0.6.0-191029A
INFO  22:15:31 onbon.bx06.Bx6GEnv                                      - POM.groupId:    onbon
INFO  22:15:31 onbon.bx06.Bx6GEnv                                      - POM.artifactId: bx06
INFO  22:15:31 onbon.bx06.Bx6GEnv                                      - POM.version:    0.6.0-SNAPSHOT
INFO  22:15:31 onbon.bx06.Bx6GEnv                                      - UIA.COMM:       2019711A
ERROR 22:16:03 uia.comm.SocketClient                                   - MyScreen> connect failed to 192.168.88.199:5005
java.net.SocketTimeoutException
	at sun.nio.ch.SocketAdaptor.connect(SocketAdaptor.java:118)
	at uia.comm.SocketClient.tryConnect(SocketClient.java:206)
	at uia.comm.SocketClient.connect(SocketClient.java:166)
	at onbon.bx06.Bx6GControllerClient.connect(Bx6GControllerClient.java:69)
	at onbon.bx06.Bx6GScreenClient.connect(Bx6GScreenClient.java:113)
	at com.github.uugan.Main.initTCP(Main.java:88)
	at com.github.uugan.Main.showText(Main.java:103)
	at com.github.uugan.Main.onData(Main.java:245)
	at com.github.uugan.MainReqHandler.execute(MainReqHandler.java:38)
	at com.github.uugan.MainReqHandler.execute(MainReqHandler.java:12)
	at org.rapidoid.http.handler.optimized.DelegatingParamsAwareReqHandler.handleReq(DelegatingParamsAwareReqHandler.java:48)
	at org.rapidoid.http.handler.AbstractHttpHandlerDecorator.handleReqAndPostProcess(AbstractHttpHandlerDecorator.java:48)
	at org.rapidoid.http.handler.HttpManagedHandlerDecorator$3.invokeNext(HttpManagedHandlerDecorator.java:161)
	at org.rapidoid.http.handler.HttpManagedHandlerDecorator$3.invoke(HttpManagedHandlerDecorator.java:121)
	at org.rapidoid.http.handler.HttpAuthWrapper.wrap(HttpAuthWrapper.java:70)
	at org.rapidoid.http.handler.HttpManagedHandlerDecorator.wrap(HttpManagedHandlerDecorator.java:185)
	at org.rapidoid.http.handler.HttpManagedHandlerDecorator.handleWithWrappers(HttpManagedHandlerDecorator.java:100)
	at org.rapidoid.http.handler.HttpManagedHandlerDecorator.access$200(HttpManagedHandlerDecorator.java:39)
	at org.rapidoid.http.handler.HttpManagedHandlerDecorator$2.run(HttpManagedHandlerDecorator.java:83)
	at org.rapidoid.job.PredefinedContextJobWrapper.run(PredefinedContextJobWrapper.java:56)
	at java.util.concurrent.ThreadPoolExecutor.runWorker(ThreadPoolExecutor.java:1149)
	at java.util.concurrent.ThreadPoolExecutor$Worker.run(ThreadPoolExecutor.java:624)
	at java.lang.Thread.run(Thread.java:748)
ERROR 22:16:08 uia.comm.SocketClient                                   - MyScreen> connect failed to 192.168.88.199:5005
java.net.SocketTimeoutException
	at sun.nio.ch.SocketAdaptor.connect(SocketAdaptor.java:118)
	at uia.comm.SocketClient.tryConnect(SocketClient.java:206)
	at uia.comm.SocketClient.connect(SocketClient.java:166)
	at onbon.bx06.Bx6GControllerClient.connect(Bx6GControllerClient.java:69)
	at onbon.bx06.Bx6GScreenClient.connect(Bx6GScreenClient.java:113)
	at com.github.uugan.Main.initTCP(Main.java:88)
	at com.github.uugan.Main.showText(Main.java:103)
	at com.github.uugan.Main.onData(Main.java:245)
	at com.github.uugan.MainReqHandler.execute(MainReqHandler.java:38)
	at com.github.uugan.MainReqHandler.execute(MainReqHandler.java:12)
	at org.rapidoid.http.handler.optimized.DelegatingParamsAwareReqHandler.handleReq(DelegatingParamsAwareReqHandler.java:48)
	at org.rapidoid.http.handler.AbstractHttpHandlerDecorator.handleReqAndPostProcess(AbstractHttpHandlerDecorator.java:48)
	at org.rapidoid.http.handler.HttpManagedHandlerDecorator$3.invokeNext(HttpManagedHandlerDecorator.java:161)
	at org.rapidoid.http.handler.HttpManagedHandlerDecorator$3.invoke(HttpManagedHandlerDecorator.java:121)
	at org.rapidoid.http.handler.HttpAuthWrapper.wrap(HttpAuthWrapper.java:70)
	at org.rapidoid.http.handler.HttpManagedHandlerDecorator.wrap(HttpManagedHandlerDecorator.java:185)
	at org.rapidoid.http.handler.HttpManagedHandlerDecorator.handleWithWrappers(HttpManagedHandlerDecorator.java:100)
	at org.rapidoid.http.handler.HttpManagedHandlerDecorator.access$200(HttpManagedHandlerDecorator.java:39)
	at org.rapidoid.http.handler.HttpManagedHandlerDecorator$2.run(HttpManagedHandlerDecorator.java:83)
	at org.rapidoid.job.PredefinedContextJobWrapper.run(PredefinedContextJobWrapper.java:56)
	at java.util.concurrent.ThreadPoolExecutor.runWorker(ThreadPoolExecutor.java:1149)
	at java.util.concurrent.ThreadPoolExecutor$Worker.run(ThreadPoolExecutor.java:624)
	at java.lang.Thread.run(Thread.java:748)
ERROR 22:16:13 uia.comm.SocketClient                                   - MyScreen> connect failed to 192.168.88.199:5005
java.net.SocketTimeoutException
	at sun.nio.ch.SocketAdaptor.connect(SocketAdaptor.java:118)
	at uia.comm.SocketClient.tryConnect(SocketClient.java:206)
	at uia.comm.SocketClient.connect(SocketClient.java:166)
	at onbon.bx06.Bx6GControllerClient.connect(Bx6GControllerClient.java:69)
	at onbon.bx06.Bx6GScreenClient.connect(Bx6GScreenClient.java:113)
	at com.github.uugan.Main.initTCP(Main.java:88)
	at com.github.uugan.Main.showText(Main.java:103)
	at com.github.uugan.Main.onData(Main.java:245)
	at com.github.uugan.MainReqHandler.execute(MainReqHandler.java:38)
	at com.github.uugan.MainReqHandler.execute(MainReqHandler.java:12)
	at org.rapidoid.http.handler.optimized.DelegatingParamsAwareReqHandler.handleReq(DelegatingParamsAwareReqHandler.java:48)
	at org.rapidoid.http.handler.AbstractHttpHandlerDecorator.handleReqAndPostProcess(AbstractHttpHandlerDecorator.java:48)
	at org.rapidoid.http.handler.HttpManagedHandlerDecorator$3.invokeNext(HttpManagedHandlerDecorator.java:161)
	at org.rapidoid.http.handler.HttpManagedHandlerDecorator$3.invoke(HttpManagedHandlerDecorator.java:121)
	at org.rapidoid.http.handler.HttpAuthWrapper.wrap(HttpAuthWrapper.java:70)
	at org.rapidoid.http.handler.HttpManagedHandlerDecorator.wrap(HttpManagedHandlerDecorator.java:185)
	at org.rapidoid.http.handler.HttpManagedHandlerDecorator.handleWithWrappers(HttpManagedHandlerDecorator.java:100)
	at org.rapidoid.http.handler.HttpManagedHandlerDecorator.access$200(HttpManagedHandlerDecorator.java:39)
	at org.rapidoid.http.handler.HttpManagedHandlerDecorator$2.run(HttpManagedHandlerDecorator.java:83)
	at org.rapidoid.job.PredefinedContextJobWrapper.run(PredefinedContextJobWrapper.java:56)
	at java.util.concurrent.ThreadPoolExecutor.runWorker(ThreadPoolExecutor.java:1149)
	at java.util.concurrent.ThreadPoolExecutor$Worker.run(ThreadPoolExecutor.java:624)
	at java.lang.Thread.run(Thread.java:748)
ERROR 22:16:18 uia.comm.SocketClient                                   - MyScreen> connect failed to 192.168.88.199:5005
java.net.SocketTimeoutException
	at sun.nio.ch.SocketAdaptor.connect(SocketAdaptor.java:118)
	at uia.comm.SocketClient.tryConnect(SocketClient.java:206)
	at uia.comm.SocketClient.connect(SocketClient.java:166)
	at onbon.bx06.Bx6GControllerClient.connect(Bx6GControllerClient.java:69)
	at onbon.bx06.Bx6GScreenClient.connect(Bx6GScreenClient.java:113)
	at com.github.uugan.Main.initTCP(Main.java:88)
	at com.github.uugan.Main.showText(Main.java:103)
	at com.github.uugan.Main.onData(Main.java:245)
	at com.github.uugan.MainReqHandler.execute(MainReqHandler.java:38)
	at com.github.uugan.MainReqHandler.execute(MainReqHandler.java:12)
	at org.rapidoid.http.handler.optimized.DelegatingParamsAwareReqHandler.handleReq(DelegatingParamsAwareReqHandler.java:48)
	at org.rapidoid.http.handler.AbstractHttpHandlerDecorator.handleReqAndPostProcess(AbstractHttpHandlerDecorator.java:48)
	at org.rapidoid.http.handler.HttpManagedHandlerDecorator$3.invokeNext(HttpManagedHandlerDecorator.java:161)
	at org.rapidoid.http.handler.HttpManagedHandlerDecorator$3.invoke(HttpManagedHandlerDecorator.java:121)
	at org.rapidoid.http.handler.HttpAuthWrapper.wrap(HttpAuthWrapper.java:70)
	at org.rapidoid.http.handler.HttpManagedHandlerDecorator.wrap(HttpManagedHandlerDecorator.java:185)
	at org.rapidoid.http.handler.HttpManagedHandlerDecorator.handleWithWrappers(HttpManagedHandlerDecorator.java:100)
	at org.rapidoid.http.handler.HttpManagedHandlerDecorator.access$200(HttpManagedHandlerDecorator.java:39)
	at org.rapidoid.http.handler.HttpManagedHandlerDecorator$2.run(HttpManagedHandlerDecorator.java:83)
	at org.rapidoid.job.PredefinedContextJobWrapper.run(PredefinedContextJobWrapper.java:56)
	at java.util.concurrent.ThreadPoolExecutor.runWorker(ThreadPoolExecutor.java:1149)
	at java.util.concurrent.ThreadPoolExecutor$Worker.run(ThreadPoolExecutor.java:624)
	at java.lang.Thread.run(Thread.java:748)
